C:\USERS\JOSH.KIMMEL\DOCUMENTS\VISUAL STUDIO 2012\PROJECTS\IMAGECONVERSION\IMAGECONVERSION\DEBUG\IMAGECONVERSION.OBJ
C:\USERS\JOSH.KIMMEL\DOCUMENTS\VISUAL STUDIO 2012\PROJECTS\IMAGECONVERSION\IMAGECONVERSION\DEBUG\VC110.PDB
C:\USERS\JOSH.KIMMEL\DOCUMENTS\VISUAL STUDIO 2012\PROJECTS\IMAGECONVERSION\IMAGECONVERSION\DEBUG\BMPIMAGE.OBJ
C:\USERS\JOSH.KIMMEL\DOCUMENTS\VISUAL STUDIO 2012\PROJECTS\IMAGECONVERSION\DEBUG\IMAGECONVERSION.ILK
C:\USERS\JOSH.KIMMEL\DOCUMENTS\VISUAL STUDIO 2012\PROJECTS\IMAGECONVERSION\DEBUG\IMAGECONVERSION.EXE
C:\USERS\JOSH.KIMMEL\DOCUMENTS\VISUAL STUDIO 2012\PROJECTS\IMAGECONVERSION\DEBUG\IMAGECONVERSION.PDB
C:\Users\josh.kimmel\documents\visual studio 2012\Projects\ImageConversion\ImageConversion\Debug\ImageConversion.obj
C:\Users\josh.kimmel\documents\visual studio 2012\Projects\ImageConversion\ImageConversion\Debug\cl.command.1.tlog
C:\Users\josh.kimmel\documents\visual studio 2012\Projects\ImageConversion\ImageConversion\Debug\CL.read.1.tlog
C:\Users\josh.kimmel\documents\visual studio 2012\Projects\ImageConversion\ImageConversion\Debug\CL.write.1.tlog
C:\Users\josh.kimmel\documents\visual studio 2012\Projects\ImageConversion\ImageConversion\Debug\link-cvtres.read.1.tlog
C:\Users\josh.kimmel\documents\visual studio 2012\Projects\ImageConversion\ImageConversion\Debug\link-cvtres.write.1.tlog
C:\Users\josh.kimmel\documents\visual studio 2012\Projects\ImageConversion\ImageConversion\Debug\link-rc.read.1.tlog
C:\Users\josh.kimmel\documents\visual studio 2012\Projects\ImageConversion\ImageConversion\Debug\link-rc.write.1.tlog
C:\Users\josh.kimmel\documents\visual studio 2012\Projects\ImageConversion\ImageConversion\Debug\link.10136-cvtres.read.1.tlog
C:\Users\josh.kimmel\documents\visual studio 2012\Projects\ImageConversion\ImageConversion\Debug\link.10136-cvtres.write.1.tlog
C:\Users\josh.kimmel\documents\visual studio 2012\Projects\ImageConversion\ImageConversion\Debug\link.10136-rc.read.1.tlog
C:\Users\josh.kimmel\documents\visual studio 2012\Projects\ImageConversion\ImageConversion\Debug\link.10136-rc.write.1.tlog
C:\Users\josh.kimmel\documents\visual studio 2012\Projects\ImageConversion\ImageConversion\Debug\link.10136.read.1.tlog
C:\Users\josh.kimmel\documents\visual studio 2012\Projects\ImageConversion\ImageConversion\Debug\link.10136.write.1.tlog
C:\Users\josh.kimmel\documents\visual studio 2012\Projects\ImageConversion\ImageConversion\Debug\link.1068-cvtres.read.1.tlog
C:\Users\josh.kimmel\documents\visual studio 2012\Projects\ImageConversion\ImageConversion\Debug\link.1068-cvtres.write.1.tlog
C:\Users\josh.kimmel\documents\visual studio 2012\Projects\ImageConversion\ImageConversion\Debug\link.1068-rc.read.1.tlog
C:\Users\josh.kimmel\documents\visual studio 2012\Projects\ImageConversion\ImageConversion\Debug\link.1068-rc.write.1.tlog
C:\Users\josh.kimmel\documents\visual studio 2012\Projects\ImageConversion\ImageConversion\Debug\link.1068.read.1.tlog
C:\Users\josh.kimmel\documents\visual studio 2012\Projects\ImageConversion\ImageConversion\Debug\link.1068.write.1.tlog
C:\Users\josh.kimmel\documents\visual studio 2012\Projects\ImageConversion\ImageConversion\Debug\link.10864-cvtres.read.1.tlog
C:\Users\josh.kimmel\documents\visual studio 2012\Projects\ImageConversion\ImageConversion\Debug\link.10864-cvtres.write.1.tlog
C:\Users\josh.kimmel\documents\visual studio 2012\Projects\ImageConversion\ImageConversion\Debug\link.10864-rc.read.1.tlog
C:\Users\josh.kimmel\documents\visual studio 2012\Projects\ImageConversion\ImageConversion\Debug\link.10864-rc.write.1.tlog
C:\Users\josh.kimmel\documents\visual studio 2012\Projects\ImageConversion\ImageConversion\Debug\link.10864.read.1.tlog
C:\Users\josh.kimmel\documents\visual studio 2012\Projects\ImageConversion\ImageConversion\Debug\link.10864.write.1.tlog
C:\Users\josh.kimmel\documents\visual studio 2012\Projects\ImageConversion\ImageConversion\Debug\link.11560-cvtres.read.1.tlog
C:\Users\josh.kimmel\documents\visual studio 2012\Projects\ImageConversion\ImageConversion\Debug\link.11560-cvtres.write.1.tlog
C:\Users\josh.kimmel\documents\visual studio 2012\Projects\ImageConversion\ImageConversion\Debug\link.11560-rc.read.1.tlog
C:\Users\josh.kimmel\documents\visual studio 2012\Projects\ImageConversion\ImageConversion\Debug\link.11560-rc.write.1.tlog
C:\Users\josh.kimmel\documents\visual studio 2012\Projects\ImageConversion\ImageConversion\Debug\link.11560.read.1.tlog
C:\Users\josh.kimmel\documents\visual studio 2012\Projects\ImageConversion\ImageConversion\Debug\link.11560.write.1.tlog
C:\Users\josh.kimmel\documents\visual studio 2012\Projects\ImageConversion\ImageConversion\Debug\link.11724-cvtres.read.1.tlog
C:\Users\josh.kimmel\documents\visual studio 2012\Projects\ImageConversion\ImageConversion\Debug\link.11724-cvtres.write.1.tlog
C:\Users\josh.kimmel\documents\visual studio 2012\Projects\ImageConversion\ImageConversion\Debug\link.11724-rc.read.1.tlog
C:\Users\josh.kimmel\documents\visual studio 2012\Projects\ImageConversion\ImageConversion\Debug\link.11724-rc.write.1.tlog
C:\Users\josh.kimmel\documents\visual studio 2012\Projects\ImageConversion\ImageConversion\Debug\link.11724.read.1.tlog
C:\Users\josh.kimmel\documents\visual studio 2012\Projects\ImageConversion\ImageConversion\Debug\link.11724.write.1.tlog
C:\Users\josh.kimmel\documents\visual studio 2012\Projects\ImageConversion\ImageConversion\Debug\link.11764-cvtres.read.1.tlog
C:\Users\josh.kimmel\documents\visual studio 2012\Projects\ImageConversion\ImageConversion\Debug\link.11764-cvtres.write.1.tlog
C:\Users\josh.kimmel\documents\visual studio 2012\Projects\ImageConversion\ImageConversion\Debug\link.11764-rc.read.1.tlog
C:\Users\josh.kimmel\documents\visual studio 2012\Projects\ImageConversion\ImageConversion\Debug\link.11764-rc.write.1.tlog
C:\Users\josh.kimmel\documents\visual studio 2012\Projects\ImageConversion\ImageConversion\Debug\link.11764.read.1.tlog
C:\Users\josh.kimmel\documents\visual studio 2012\Projects\ImageConversion\ImageConversion\Debug\link.11764.write.1.tlog
C:\Users\josh.kimmel\documents\visual studio 2012\Projects\ImageConversion\ImageConversion\Debug\link.12584-cvtres.read.1.tlog
C:\Users\josh.kimmel\documents\visual studio 2012\Projects\ImageConversion\ImageConversion\Debug\link.12584-cvtres.write.1.tlog
C:\Users\josh.kimmel\documents\visual studio 2012\Projects\ImageConversion\ImageConversion\Debug\link.12584-rc.read.1.tlog
C:\Users\josh.kimmel\documents\visual studio 2012\Projects\ImageConversion\ImageConversion\Debug\link.12584-rc.write.1.tlog
C:\Users\josh.kimmel\documents\visual studio 2012\Projects\ImageConversion\ImageConversion\Debug\link.12584.read.1.tlog
C:\Users\josh.kimmel\documents\visual studio 2012\Projects\ImageConversion\ImageConversion\Debug\link.12584.write.1.tlog
C:\Users\josh.kimmel\documents\visual studio 2012\Projects\ImageConversion\ImageConversion\Debug\link.12784-cvtres.read.1.tlog
C:\Users\josh.kimmel\documents\visual studio 2012\Projects\ImageConversion\ImageConversion\Debug\link.12784-cvtres.write.1.tlog
C:\Users\josh.kimmel\documents\visual studio 2012\Projects\ImageConversion\ImageConversion\Debug\link.12784-rc.read.1.tlog
C:\Users\josh.kimmel\documents\visual studio 2012\Projects\ImageConversion\ImageConversion\Debug\link.12784-rc.write.1.tlog
C:\Users\josh.kimmel\documents\visual studio 2012\Projects\ImageConversion\ImageConversion\Debug\link.12784.read.1.tlog
C:\Users\josh.kimmel\documents\visual studio 2012\Projects\ImageConversion\ImageConversion\Debug\link.12784.write.1.tlog
C:\Users\josh.kimmel\documents\visual studio 2012\Projects\ImageConversion\ImageConversion\Debug\link.12788-cvtres.read.1.tlog
C:\Users\josh.kimmel\documents\visual studio 2012\Projects\ImageConversion\ImageConversion\Debug\link.12788-cvtres.write.1.tlog
C:\Users\josh.kimmel\documents\visual studio 2012\Projects\ImageConversion\ImageConversion\Debug\link.12788-rc.read.1.tlog
C:\Users\josh.kimmel\documents\visual studio 2012\Projects\ImageConversion\ImageConversion\Debug\link.12788-rc.write.1.tlog
C:\Users\josh.kimmel\documents\visual studio 2012\Projects\ImageConversion\ImageConversion\Debug\link.12788.read.1.tlog
C:\Users\josh.kimmel\documents\visual studio 2012\Projects\ImageConversion\ImageConversion\Debug\link.12788.write.1.tlog
C:\Users\josh.kimmel\documents\visual studio 2012\Projects\ImageConversion\ImageConversion\Debug\link.13076-cvtres.read.1.tlog
C:\Users\josh.kimmel\documents\visual studio 2012\Projects\ImageConversion\ImageConversion\Debug\link.13076-cvtres.write.1.tlog
C:\Users\josh.kimmel\documents\visual studio 2012\Projects\ImageConversion\ImageConversion\Debug\link.13076-rc.read.1.tlog
C:\Users\josh.kimmel\documents\visual studio 2012\Projects\ImageConversion\ImageConversion\Debug\link.13076-rc.write.1.tlog
C:\Users\josh.kimmel\documents\visual studio 2012\Projects\ImageConversion\ImageConversion\Debug\link.13076.read.1.tlog
C:\Users\josh.kimmel\documents\visual studio 2012\Projects\ImageConversion\ImageConversion\Debug\link.13076.write.1.tlog
C:\Users\josh.kimmel\documents\visual studio 2012\Projects\ImageConversion\ImageConversion\Debug\link.13208-cvtres.read.1.tlog
C:\Users\josh.kimmel\documents\visual studio 2012\Projects\ImageConversion\ImageConversion\Debug\link.13208-cvtres.write.1.tlog
C:\Users\josh.kimmel\documents\visual studio 2012\Projects\ImageConversion\ImageConversion\Debug\link.13208-rc.read.1.tlog
C:\Users\josh.kimmel\documents\visual studio 2012\Projects\ImageConversion\ImageConversion\Debug\link.13208-rc.write.1.tlog
C:\Users\josh.kimmel\documents\visual studio 2012\Projects\ImageConversion\ImageConversion\Debug\link.13208.read.1.tlog
C:\Users\josh.kimmel\documents\visual studio 2012\Projects\ImageConversion\ImageConversion\Debug\link.13208.write.1.tlog
C:\Users\josh.kimmel\documents\visual studio 2012\Projects\ImageConversion\ImageConversion\Debug\link.13544-cvtres.read.1.tlog
C:\Users\josh.kimmel\documents\visual studio 2012\Projects\ImageConversion\ImageConversion\Debug\link.13544-cvtres.write.1.tlog
C:\Users\josh.kimmel\documents\visual studio 2012\Projects\ImageConversion\ImageConversion\Debug\link.13544-rc.read.1.tlog
C:\Users\josh.kimmel\documents\visual studio 2012\Projects\ImageConversion\ImageConversion\Debug\link.13544-rc.write.1.tlog
C:\Users\josh.kimmel\documents\visual studio 2012\Projects\ImageConversion\ImageConversion\Debug\link.13544.read.1.tlog
C:\Users\josh.kimmel\documents\visual studio 2012\Projects\ImageConversion\ImageConversion\Debug\link.13544.write.1.tlog
C:\Users\josh.kimmel\documents\visual studio 2012\Projects\ImageConversion\ImageConversion\Debug\link.14024-cvtres.read.1.tlog
C:\Users\josh.kimmel\documents\visual studio 2012\Projects\ImageConversion\ImageConversion\Debug\link.14024-cvtres.write.1.tlog
C:\Users\josh.kimmel\documents\visual studio 2012\Projects\ImageConversion\ImageConversion\Debug\link.14024-rc.read.1.tlog
C:\Users\josh.kimmel\documents\visual studio 2012\Projects\ImageConversion\ImageConversion\Debug\link.14024-rc.write.1.tlog
C:\Users\josh.kimmel\documents\visual studio 2012\Projects\ImageConversion\ImageConversion\Debug\link.14024.read.1.tlog
C:\Users\josh.kimmel\documents\visual studio 2012\Projects\ImageConversion\ImageConversion\Debug\link.14024.write.1.tlog
C:\Users\josh.kimmel\documents\visual studio 2012\Projects\ImageConversion\ImageConversion\Debug\link.5580-cvtres.read.1.tlog
C:\Users\josh.kimmel\documents\visual studio 2012\Projects\ImageConversion\ImageConversion\Debug\link.5580-cvtres.write.1.tlog
C:\Users\josh.kimmel\documents\visual studio 2012\Projects\ImageConversion\ImageConversion\Debug\link.5580-rc.read.1.tlog
C:\Users\josh.kimmel\documents\visual studio 2012\Projects\ImageConversion\ImageConversion\Debug\link.5580-rc.write.1.tlog
C:\Users\josh.kimmel\documents\visual studio 2012\Projects\ImageConversion\ImageConversion\Debug\link.5580.read.1.tlog
C:\Users\josh.kimmel\documents\visual studio 2012\Projects\ImageConversion\ImageConversion\Debug\link.5580.write.1.tlog
C:\Users\josh.kimmel\documents\visual studio 2012\Projects\ImageConversion\ImageConversion\Debug\link.5724-cvtres.read.1.tlog
C:\Users\josh.kimmel\documents\visual studio 2012\Projects\ImageConversion\ImageConversion\Debug\link.5724-cvtres.write.1.tlog
C:\Users\josh.kimmel\documents\visual studio 2012\Projects\ImageConversion\ImageConversion\Debug\link.5724-rc.read.1.tlog
C:\Users\josh.kimmel\documents\visual studio 2012\Projects\ImageConversion\ImageConversion\Debug\link.5724-rc.write.1.tlog
C:\Users\josh.kimmel\documents\visual studio 2012\Projects\ImageConversion\ImageConversion\Debug\link.5724.read.1.tlog
C:\Users\josh.kimmel\documents\visual studio 2012\Projects\ImageConversion\ImageConversion\Debug\link.5724.write.1.tlog
C:\Users\josh.kimmel\documents\visual studio 2012\Projects\ImageConversion\ImageConversion\Debug\link.6320-cvtres.read.1.tlog
C:\Users\josh.kimmel\documents\visual studio 2012\Projects\ImageConversion\ImageConversion\Debug\link.6320-cvtres.write.1.tlog
C:\Users\josh.kimmel\documents\visual studio 2012\Projects\ImageConversion\ImageConversion\Debug\link.6320-rc.read.1.tlog
C:\Users\josh.kimmel\documents\visual studio 2012\Projects\ImageConversion\ImageConversion\Debug\link.6320-rc.write.1.tlog
C:\Users\josh.kimmel\documents\visual studio 2012\Projects\ImageConversion\ImageConversion\Debug\link.6320.read.1.tlog
C:\Users\josh.kimmel\documents\visual studio 2012\Projects\ImageConversion\ImageConversion\Debug\link.6320.write.1.tlog
C:\Users\josh.kimmel\documents\visual studio 2012\Projects\ImageConversion\ImageConversion\Debug\link.6596-cvtres.read.1.tlog
C:\Users\josh.kimmel\documents\visual studio 2012\Projects\ImageConversion\ImageConversion\Debug\link.6596-cvtres.write.1.tlog
C:\Users\josh.kimmel\documents\visual studio 2012\Projects\ImageConversion\ImageConversion\Debug\link.6596-rc.read.1.tlog
C:\Users\josh.kimmel\documents\visual studio 2012\Projects\ImageConversion\ImageConversion\Debug\link.6596-rc.write.1.tlog
C:\Users\josh.kimmel\documents\visual studio 2012\Projects\ImageConversion\ImageConversion\Debug\link.6596.read.1.tlog
C:\Users\josh.kimmel\documents\visual studio 2012\Projects\ImageConversion\ImageConversion\Debug\link.6596.write.1.tlog
C:\Users\josh.kimmel\documents\visual studio 2012\Projects\ImageConversion\ImageConversion\Debug\link.8220-cvtres.read.1.tlog
C:\Users\josh.kimmel\documents\visual studio 2012\Projects\ImageConversion\ImageConversion\Debug\link.8220-cvtres.write.1.tlog
C:\Users\josh.kimmel\documents\visual studio 2012\Projects\ImageConversion\ImageConversion\Debug\link.8220-rc.read.1.tlog
C:\Users\josh.kimmel\documents\visual studio 2012\Projects\ImageConversion\ImageConversion\Debug\link.8220-rc.write.1.tlog
C:\Users\josh.kimmel\documents\visual studio 2012\Projects\ImageConversion\ImageConversion\Debug\link.8220.read.1.tlog
C:\Users\josh.kimmel\documents\visual studio 2012\Projects\ImageConversion\ImageConversion\Debug\link.8220.write.1.tlog
C:\Users\josh.kimmel\documents\visual studio 2012\Projects\ImageConversion\ImageConversion\Debug\link.9076-cvtres.read.1.tlog
C:\Users\josh.kimmel\documents\visual studio 2012\Projects\ImageConversion\ImageConversion\Debug\link.9076-cvtres.write.1.tlog
C:\Users\josh.kimmel\documents\visual studio 2012\Projects\ImageConversion\ImageConversion\Debug\link.9076-rc.read.1.tlog
C:\Users\josh.kimmel\documents\visual studio 2012\Projects\ImageConversion\ImageConversion\Debug\link.9076-rc.write.1.tlog
C:\Users\josh.kimmel\documents\visual studio 2012\Projects\ImageConversion\ImageConversion\Debug\link.9076.read.1.tlog
C:\Users\josh.kimmel\documents\visual studio 2012\Projects\ImageConversion\ImageConversion\Debug\link.9076.write.1.tlog
C:\Users\josh.kimmel\documents\visual studio 2012\Projects\ImageConversion\ImageConversion\Debug\link.9612-cvtres.read.1.tlog
C:\Users\josh.kimmel\documents\visual studio 2012\Projects\ImageConversion\ImageConversion\Debug\link.9612-cvtres.write.1.tlog
C:\Users\josh.kimmel\documents\visual studio 2012\Projects\ImageConversion\ImageConversion\Debug\link.9612-rc.read.1.tlog
C:\Users\josh.kimmel\documents\visual studio 2012\Projects\ImageConversion\ImageConversion\Debug\link.9612-rc.write.1.tlog
C:\Users\josh.kimmel\documents\visual studio 2012\Projects\ImageConversion\ImageConversion\Debug\link.9612.read.1.tlog
C:\Users\josh.kimmel\documents\visual studio 2012\Projects\ImageConversion\ImageConversion\Debug\link.9612.write.1.tlog
C:\Users\josh.kimmel\documents\visual studio 2012\Projects\ImageConversion\ImageConversion\Debug\link.command.1.tlog
C:\Users\josh.kimmel\documents\visual studio 2012\Projects\ImageConversion\ImageConversion\Debug\link.read.1.tlog
C:\Users\josh.kimmel\documents\visual studio 2012\Projects\ImageConversion\ImageConversion\Debug\link.write.1.tlog
C:\Users\josh.kimmel\documents\visual studio 2012\Projects\ImageConversion\ImageConversion\Debug\vc110.idb
C:\Users\josh.kimmel\documents\visual studio 2012\Projects\ImageConversion\ImageConversion\Debug\vc110.pdb
C:\Users\josh.kimmel\documents\visual studio 2012\Projects\ImageConversion\Debug\ImageConversion.pdb
C:\Users\josh.kimmel\documents\visual studio 2012\Projects\ImageConversion\Debug\ImageConversion.exe
C:\Users\josh.kimmel\documents\visual studio 2012\Projects\ImageConversion\Debug\ImageConversion.ilk
