C:\USERS\JOSH.KIMMEL\DOCUMENTS\VISUAL STUDIO 2012\PROJECTS\IMAGECONVERSION\IMAGECONVERSION\X64\DEBUG\BMPIMAGE.OBJ
C:\USERS\JOSH.KIMMEL\DOCUMENTS\VISUAL STUDIO 2012\PROJECTS\IMAGECONVERSION\IMAGECONVERSION\X64\DEBUG\VC110.PDB
C:\USERS\JOSH.KIMMEL\DOCUMENTS\VISUAL STUDIO 2012\PROJECTS\IMAGECONVERSION\IMAGECONVERSION\X64\DEBUG\IMAGECONV.OBJ
C:\USERS\JOSH.KIMMEL\DOCUMENTS\VISUAL STUDIO 2012\PROJECTS\IMAGECONVERSION\IMAGECONVERSION\X64\DEBUG\LUMINOSITY.OBJ
C:\USERS\JOSH.KIMMEL\DOCUMENTS\VISUAL STUDIO 2012\PROJECTS\IMAGECONVERSION\IMAGECONVERSION\X64\DEBUG\MAIN.OBJ
C:\USERS\JOSH.KIMMEL\DOCUMENTS\VISUAL STUDIO 2012\PROJECTS\IMAGECONVERSION\IMAGECONVERSION\X64\DEBUG\IMAGES.OBJ
C:\USERS\JOSH.KIMMEL\DOCUMENTS\VISUAL STUDIO 2012\PROJECTS\IMAGECONVERSION\IMAGECONVERSION\X64\DEBUG\KMEANS.OBJ
C:\USERS\JOSH.KIMMEL\DOCUMENTS\VISUAL STUDIO 2012\PROJECTS\IMAGECONVERSION\X64\DEBUG\IMAGECONVERSION.ILK
C:\USERS\JOSH.KIMMEL\DOCUMENTS\VISUAL STUDIO 2012\PROJECTS\IMAGECONVERSION\X64\DEBUG\IMAGECONVERSION.EXE
C:\USERS\JOSH.KIMMEL\DOCUMENTS\VISUAL STUDIO 2012\PROJECTS\IMAGECONVERSION\X64\DEBUG\IMAGECONVERSION.PDB
C:\Users\josh.kimmel\Documents\Visual Studio 2012\Projects\ImageConversion\ImageConversion\x64\Debug\bmpimage.obj
C:\Users\josh.kimmel\Documents\Visual Studio 2012\Projects\ImageConversion\ImageConversion\x64\Debug\ImageConv.obj
C:\Users\josh.kimmel\Documents\Visual Studio 2012\Projects\ImageConversion\ImageConversion\x64\Debug\Images.obj
C:\Users\josh.kimmel\Documents\Visual Studio 2012\Projects\ImageConversion\ImageConversion\x64\Debug\kMeans.obj
C:\Users\josh.kimmel\Documents\Visual Studio 2012\Projects\ImageConversion\ImageConversion\x64\Debug\Luminosity.obj
C:\Users\josh.kimmel\Documents\Visual Studio 2012\Projects\ImageConversion\ImageConversion\x64\Debug\main.obj
C:\Users\josh.kimmel\Documents\Visual Studio 2012\Projects\ImageConversion\ImageConversion\x64\Debug\cl.command.1.tlog
C:\Users\josh.kimmel\Documents\Visual Studio 2012\Projects\ImageConversion\ImageConversion\x64\Debug\CL.read.1.tlog
C:\Users\josh.kimmel\Documents\Visual Studio 2012\Projects\ImageConversion\ImageConversion\x64\Debug\CL.write.1.tlog
C:\Users\josh.kimmel\Documents\Visual Studio 2012\Projects\ImageConversion\ImageConversion\x64\Debug\link-cvtres.read.1.tlog
C:\Users\josh.kimmel\Documents\Visual Studio 2012\Projects\ImageConversion\ImageConversion\x64\Debug\link-cvtres.write.1.tlog
C:\Users\josh.kimmel\Documents\Visual Studio 2012\Projects\ImageConversion\ImageConversion\x64\Debug\link-rc.read.1.tlog
C:\Users\josh.kimmel\Documents\Visual Studio 2012\Projects\ImageConversion\ImageConversion\x64\Debug\link-rc.write.1.tlog
C:\Users\josh.kimmel\Documents\Visual Studio 2012\Projects\ImageConversion\ImageConversion\x64\Debug\link.command.1.tlog
C:\Users\josh.kimmel\Documents\Visual Studio 2012\Projects\ImageConversion\ImageConversion\x64\Debug\link.read.1.tlog
C:\Users\josh.kimmel\Documents\Visual Studio 2012\Projects\ImageConversion\ImageConversion\x64\Debug\link.write.1.tlog
C:\Users\josh.kimmel\Documents\Visual Studio 2012\Projects\ImageConversion\ImageConversion\x64\Debug\vc110.idb
C:\Users\josh.kimmel\Documents\Visual Studio 2012\Projects\ImageConversion\ImageConversion\x64\Debug\vc110.pdb
C:\Users\josh.kimmel\Documents\Visual Studio 2012\Projects\ImageConversion\x64\Debug\ImageConversion.pdb
C:\Users\josh.kimmel\Documents\Visual Studio 2012\Projects\ImageConversion\x64\Debug\ImageConversion.exe
C:\Users\josh.kimmel\Documents\Visual Studio 2012\Projects\ImageConversion\x64\Debug\ImageConversion.ilk
